Sat Aug 04 16:52:17 Log file reset
Sat Aug 04 16:52:17 Loaded file BACKUP0.MAX
Sat Aug 04 16:52:21 Saved as file C:\USERS\PROJECTS\PIC\GPS\ORCAD\PIC18_MAIN\GPS_MAIN_V4-5.MAX
Sat Aug 04 16:52:32 Saved as file ~undo.max
Sat Aug 04 16:52:36 Saved as file C:\USERS\PROJECTS\PIC\GPS\ORCAD\PIC18_MAIN\GPS_MAIN_V4-5.MAX
Sat Aug 04 16:52:50 Error code 2167.081 (1101)
Sat Aug 04 16:52:50 Saved as file Backup0.max
Sat Aug 04 16:52:50 Windows which were open at time of error:
Sat Aug 04 16:52:50 	ActiveWindow: &Route
Sat Aug 04 16:52:50 	Icon: &Components
Sat Aug 04 16:52:50 	Icon: &Nets
Sat Aug 04 16:52:50 	Icon: Post Proces&s
Sat Aug 04 16:52:50 End-of-list
Sat Aug 04 16:52:50 Loaded file BACKUP0.MAX
Sat Aug 04 16:52:57 Saved as file C:\USERS\PROJECTS\PIC\GPS\ORCAD\PIC18_MAIN\GPS_MAIN_V4-5.MAX
Sat Aug 04 16:53:15 Saved as file C:\USERS\PROJECTS\PIC\GPS\ORCAD\PIC18_MAIN\GPS_MAIN_V4-5.MAX
Sat Aug 04 16:53:26 Saved as file C:\USERS\PROJECTS\PIC\GPS\ORCAD\PIC18_MAIN\GPS_MAIN_V4-5.MAX
Sat Aug 04 16:54:40 Saved as file C:\USERS\PROJECTS\PIC\GPS\ORCAD\PIC18_MAIN\GPS_MAIN_V4-5.MAX
Sat Aug 04 16:55:00 Saved as file C:\USERS\PROJECTS\PIC\GPS\ORCAD\PIC18_MAIN\GPS_MAIN_V4-5.MAX
Sat Aug 04 16:55:18 Saved as file C:\USERS\PROJECTS\PIC\GPS\ORCAD\PIC18_MAIN\GPS_MAIN_V4-5.MAX
Sat Aug 04 16:55:19 Saved as file C:\USERS\PROJECTS\PIC\GPS\ORCAD\PIC18_MAIN\GPS_MAIN_V4-5.MAX
Sat Aug 04 16:55:38 Saved as file C:\USERS\PROJECTS\PIC\GPS\ORCAD\PIC18_MAIN\GPS_MAIN_V4_FINAL.MAX
Sat Aug 04 17:01:09 Saved as file C:\USERS\PROJECTS\PIC\GPS\ORCAD\PIC18_MAIN\GPS_MAIN_V4_FINAL.MAX
Sat Aug 04 17:01:46 Saved as file C:\USERS\PROJECTS\PIC\GPS\ORCAD\PIC18_MAIN\GPS_MAIN_V4_FINAL.MAX
Sat Aug 04 17:03:20 Saved as file BACKUP1.MAX
Sat Aug 04 17:13:21 Saved as file BACKUP1.MAX
Sat Aug 04 17:23:21 Saved as file BACKUP1.MAX
Sat Aug 04 17:23:28 Saved as file C:\USERS\PROJECTS\PIC\GPS\ORCAD\PIC18_MAIN\GPS_MAIN_V4_FINAL.MAX
Mon Aug 13 17:14:33 Saved as file BACKUP1.MAX
Thu Aug 30 10:41:11 Saved as file BACKUP1.MAX
Thu Aug 30 10:51:11 Saved as file BACKUP1.MAX
Thu Aug 30 11:01:11 Saved as file BACKUP1.MAX
Thu Aug 30 11:11:11 Saved as file BACKUP1.MAX
Thu Aug 30 11:21:11 Saved as file BACKUP1.MAX
Thu Aug 30 11:31:11 Saved as file BACKUP1.MAX
Thu Aug 30 11:41:11 Saved as file BACKUP1.MAX
