
ROM used: 9306 (7%)
          9306 (7%) including unused fragments

          1 Average locations per line
          4 Average locations per statement

RAM used: 2552 (66%) at main() level
          2599 (68%) worst case

Stack used: 9 worst case (out of 29 total available)

Lines Stmts  %   Files
----- ----- ---  -----
  636   150   6  GPS_67J50.c
   46     0   0  GPS_67J50.h
  424     0   0  18F67J50.h
  765   238  10  ..\..\..\..\..\..\..\Program Files\PICC\drivers\math.h
  312   149   6  HaltiLCD.c
  136    69   3  ascii.h
   96     1   0  MyMMCFat32.h
 1029   524  22  MyMMCFat32.c
  417   126   5  ..\..\..\..\..\..\..\Program Files\PICC\drivers\String.h
   28     0   0  ..\..\..\..\..\..\..\Program Files\PICC\drivers\stddef.h
   28     0   0  ..\..\..\..\..\..\..\Program Files\PICC\drivers\ctype.h
   14     0   0  MMC.h
  244   103   4  MMC.c
   78    20   1  ADS11xx.c
  903   463  19  gpsParser.c
  417     0   0  ..\..\..\..\..\..\..\Program Files\PICC\drivers\string.h
  893   380  16  ..\..\..\..\..\..\..\Program Files\PICC\drivers\stdlib.h
  196   120   5  at26_dataflash.c
  129    92   4  scp1000.c
----- -----
 6791  2435 Total

Page ROM  %  RAM   Vol Diff  Functions:
---- --- --- ---   --- ----  ----------
0     42   0   1             @delay_ms1
0     24   0   0             @GETCH_BIU_1
0    118   1   1  1076  9.9  @I2C_WRITE_1
0     56   0   2             @ITOF
0    384   2  14             @DIVFF
0    246   1  11    39  1.8  @MULFF
0     18   0   1   121  1.2  LCD_WriteData
0     18   0   1   119  1.3  LCD_WriteCommand
0     78   0   4   263  2.1  LCD_SetWindow
0    258   1   2  1053  3.9  LCD_Init
0   1406   8   0    56  2.5  @const229
0     10   0   2    56  2.5  LCD_Gotoxy
0     20   0   0    79  3.2  LCD_NewLine
0    166   1  16   693  5.9  gps_FloodFill
0     34   0   5   476  4.8  @MUL1616
0     80   0   3   476  4.8  LCD_ClearScreen
0    258   1   9  1192  8.9  LCD_OutChar8
0     32   0   1    99  2.4  LCD_PutChar
0    128   1  13   262  3.7  @DIV3232
0   1720   9   7 11520 13.4  GPS_isr
0     50   0   0  1197  9.7  @goto12698
0     44   0   0   399  9.4  @goto12725
0     44   0   0   536  5.7  @goto12753
0     50   0   0   536  5.7  @goto12756
0     60   0   0   536  5.7  @goto12797
0     70   0   0   536  5.7  @goto12858
0     46   0   0   536  5.7  @goto12863
0     44   0   3  1530 10.1  @DIV88
0     48   0   3   116  3.8  gps_ResetSatelliteSignal
0    222   1   6    72  1.6  @PRINTF_D_258
0     32   0   0    72  1.6  EXT_isr
0     32   0   0    72  1.6  EXT1_isr
0     32   0   0    72  1.6  EXT2_isr
0     32   0   0    72  1.6  EXT3_isr
0     46   0   0   119  2.9  RB_isr
0     90   0   4   230  4.5  RDA2_isr
0     62   0   1   170  3.9  TIMER0_isr
0    168   1   0   303  2.3  ReadSensors
0    118   1   2   161  2.8  SCP1000_WriteRegister8
0    224   1  10   169  2.5  senseBattery
0    290   2  13   958  7.0  displayGPSSNRBar
0    390   2   7  1240  9.8  displayGPSSNR
0     46   0   0     3  0.0  @const1011
0     68   0   5     3  0.0  @FTOSD
0    440   2  13     3  0.0  @PRINTF_L32D_258FPFPF
0    784   4  20  1819  5.5  MAIN
0    290   2  12             @PRINTF_L32D_258

Program metrics:
    Functions               42
    Statements              2435
    Comments                1645
    Volume (V)              46975
    Difficilty (D)          190.1
    Effort to implement (E) 8931623
    Time to implement (T)   137 hours, 50 minutes
    Est Delivered Bugs (B)  14
    Cyclomatic Complexity   173
    Maintainability (MI)    54

 Segment     Used  Free
-----------  ----  ----
00000-00002     4  0  
00004-00006     0  4  
00008-00186   384  0  
00188-0FFFE  8918  56226  
10000-1FFF6     0  65528  



